Determining if the pthread_create exist failed with the following output:
Change Dir: /home/batman/prj/mirea/ksp/lab3/AnimalShop/build/CMakeFiles/CMakeTmp

Run Build Command:"/usr/bin/make" "cmTC_de536/fast"
make[1]: вход в каталог «/home/batman/prj/mirea/ksp/lab3/AnimalShop/build/CMakeFiles/CMakeTmp»
/usr/bin/make -f CMakeFiles/cmTC_de536.dir/build.make CMakeFiles/cmTC_de536.dir/build
make[2]: вход в каталог «/home/batman/prj/mirea/ksp/lab3/AnimalShop/build/CMakeFiles/CMakeTmp»
Building C object CMakeFiles/cmTC_de536.dir/CheckSymbolExists.c.o
/usr/bin/cc    -o CMakeFiles/cmTC_de536.dir/CheckSymbolExists.c.o   -c /home/batman/prj/mirea/ksp/lab3/AnimalShop/build/CMakeFiles/CMakeTmp/CheckSymbolExists.c
Linking C executable cmTC_de536
/usr/bin/cmake -E cmake_link_script CMakeFiles/cmTC_de536.dir/link.txt --verbose=1
/usr/bin/cc      CMakeFiles/cmTC_de536.dir/CheckSymbolExists.c.o  -o cmTC_de536 
CMakeFiles/cmTC_de536.dir/CheckSymbolExists.c.o: In function `main':
CheckSymbolExists.c:(.text+0x1b): undefined reference to `pthread_create'
collect2: error: ld returned 1 exit status
CMakeFiles/cmTC_de536.dir/build.make:97: recipe for target 'cmTC_de536' failed
make[2]: *** [cmTC_de536] Error 1
make[2]: выход из каталога «/home/batman/prj/mirea/ksp/lab3/AnimalShop/build/CMakeFiles/CMakeTmp»
Makefile:126: recipe for target 'cmTC_de536/fast' failed
make[1]: *** [cmTC_de536/fast] Error 2
make[1]: выход из каталога «/home/batman/prj/mirea/ksp/lab3/AnimalShop/build/CMakeFiles/CMakeTmp»

File /home/batman/prj/mirea/ksp/lab3/AnimalShop/build/CMakeFiles/CMakeTmp/CheckSymbolExists.c:
/* */
#include <pthread.h>

int main(int argc, char** argv)
{
  (void)argv;
#ifndef pthread_create
  return ((int*)(&pthread_create))[argc];
#else
  (void)argc;
  return 0;
#endif
}

Determining if the function pthread_create exists in the pthreads failed with the following output:
Change Dir: /home/batman/prj/mirea/ksp/lab3/AnimalShop/build/CMakeFiles/CMakeTmp

Run Build Command:"/usr/bin/make" "cmTC_ca516/fast"
make[1]: вход в каталог «/home/batman/prj/mirea/ksp/lab3/AnimalShop/build/CMakeFiles/CMakeTmp»
/usr/bin/make -f CMakeFiles/cmTC_ca516.dir/build.make CMakeFiles/cmTC_ca516.dir/build
make[2]: вход в каталог «/home/batman/prj/mirea/ksp/lab3/AnimalShop/build/CMakeFiles/CMakeTmp»
Building C object CMakeFiles/cmTC_ca516.dir/CheckFunctionExists.c.o
/usr/bin/cc   -DCHECK_FUNCTION_EXISTS=pthread_create   -o CMakeFiles/cmTC_ca516.dir/CheckFunctionExists.c.o   -c /usr/share/cmake-3.10/Modules/CheckFunctionExists.c
Linking C executable cmTC_ca516
/usr/bin/cmake -E cmake_link_script CMakeFiles/cmTC_ca516.dir/link.txt --verbose=1
/usr/bin/cc  -DCHECK_FUNCTION_EXISTS=pthread_create    CMakeFiles/cmTC_ca516.dir/CheckFunctionExists.c.o  -o cmTC_ca516 -lpthreads 
/usr/bin/ld: cannot find -lpthreads
collect2: error: ld returned 1 exit status
CMakeFiles/cmTC_ca516.dir/build.make:97: recipe for target 'cmTC_ca516' failed
make[2]: *** [cmTC_ca516] Error 1
make[2]: выход из каталога «/home/batman/prj/mirea/ksp/lab3/AnimalShop/build/CMakeFiles/CMakeTmp»
Makefile:126: recipe for target 'cmTC_ca516/fast' failed
make[1]: *** [cmTC_ca516/fast] Error 2
make[1]: выход из каталога «/home/batman/prj/mirea/ksp/lab3/AnimalShop/build/CMakeFiles/CMakeTmp»


